   289.00000000000000        2.7963487905282108E-003   2.8067437827063672E-003   3.0104624888394726E-003   2.6030250765732618E-003
   314.00000000000000        1.0637286876469332E-002   1.0641978670700644E-002   1.1395936937987790E-002   9.8880204034134979E-003
   339.00000000000000        1.9672687486882844E-002   1.9651026103410983E-002   2.1003736982373660E-002   1.8298315224448306E-002
   364.00000000000000        3.0110875207057113E-002   3.0038293612499808E-002   3.2045117520282579E-002   2.8031469704717041E-002
   389.00000000000000        4.2186949461612742E-002   4.2049396595933042E-002   4.4762760018244301E-002   3.9336033173621783E-002
   414.00000000000000        5.6215064246583117E-002   5.5986789917615458E-002   5.9463821746855036E-002   5.2509758088375880E-002
   439.00000000000000        7.2571900724199029E-002   7.2230088258160366E-002   7.6531471154459935E-002   6.7928705361860797E-002
   464.00000000000000        9.1743495351162371E-002   9.1263043409645694E-002   9.6449870618335945E-002   8.6076216200955444E-002
   489.00000000000000       0.11437121147622012       0.11370926946810062       0.11983384930890166       0.10758468962729957     
   514.00000000000000       0.14126480324183097       0.14037824275557831       0.14750958462187685       0.13324690088927976     
   539.00000000000000       0.17344480328163506       0.17231998553928018       0.18052348109167315       0.16411648998688722     
   564.00000000000000       0.21229190158956518       0.21087561684899123       0.22020602811662815       0.20154520558135430     
   589.00000000000000       0.25942125190552057       0.25767503412923082       0.26819676927382480       0.24715329898463684     
   614.00000000000000       0.31649401628965707       0.31442273827626938       0.32618745923962306       0.30265801731291569     
   639.00000000000000       0.38437706713261249       0.38198258660403922       0.39505296940713952       0.36891220380093892     
   664.00000000000000       0.46000774208289114       0.45733826853913973       0.47177856599945511       0.44289797107882434     
   689.00000000000000       0.52777380071386371       0.52488096685136520       0.54072356455638482       0.50903836914634559     
   714.00000000000000       0.54069500797606918       0.53767212436470768       0.55497094766536625       0.52037330106404911     
   739.00000000000000       0.41164137946882912       0.40862777546166484       0.42743164189722649       0.38982390902610320     
   764.00000000000000       0.10680713856625962       0.10396722663028136       0.12432269371808088        8.3611759542481845E-002
   789.00000000000000      -0.22430391309816666      -0.22677171439366300      -0.20481987700127449      -0.24872355178605152     
   814.00000000000000      -0.42951105107900800      -0.43137146933217219      -0.40778861332658078      -0.45495432533776359     
   839.00000000000000      -0.51230839704034659      -0.51330849170852766      -0.48804963608373497      -0.53856734733332035     
   864.00000000000000      -0.52837887720255117      -0.52824699550805521      -0.50119772883764679      -0.55529626217846362     
   889.00000000000000      -0.51537793756761818      -0.51387628420659259      -0.48514909886507285      -0.54260346954811234     
   914.00000000000000      -0.49112468216737837      -0.48798534645530850      -0.45746239584707499      -0.51850829706354207     
   939.00000000000000      -0.46139881175370900      -0.45637491676541392      -0.42402015598646542      -0.48872967754436242     
   964.00000000000000      -0.42923270068230474      -0.42213449867257863      -0.38790460952080402      -0.45636438782435323     
   989.00000000000000      -0.39767592270022684      -0.38835836087157977      -0.35220964492603313      -0.42450707681712641     
   1014.0000000000000      -0.36796175002184506      -0.35634714944843149      -0.31821728523851117      -0.39447701365835180     
   1039.0000000000000      -0.34064504787601635      -0.32679303796041875      -0.28666438197973443      -0.36692169394110308     
   1064.0000000000000      -0.31600653121741484      -0.30005976863539391      -0.25786661618369716      -0.34225292108709066     
   1089.0000000000000      -0.29408189804395179      -0.27629942074125441      -0.23198336447368448      -0.32061547700882431     
   1114.0000000000000      -0.27472731670021683      -0.25551019115431017      -0.20903007503040053      -0.30199030727821985     
