   289.00000000000000       -4.9707898995261887E-002  -4.9690048538515233E-002  -4.9254363785705864E-002  -5.0125733291324602E-002
   314.00000000000000       -6.4389122911103353E-002  -6.4286636268493028E-002  -6.2865853106022468E-002  -6.5707419430963587E-002
   339.00000000000000       -7.9289238671743881E-002  -7.9097969371590748E-002  -7.6702605192403420E-002  -8.1493333550778077E-002
   364.00000000000000       -9.4325676459296237E-002  -9.4091308813871607E-002  -9.0449848479266487E-002  -9.7732769148476728E-002
   389.00000000000000      -0.10941524327287594      -0.10922929070457306      -0.10400475039942969      -0.11445383100971643     
   414.00000000000000      -0.12448467220129507      -0.12447074217807193      -0.11728687064387415      -0.13165461371226969     
   439.00000000000000      -0.13946592518996709      -0.13977134907485370      -0.13024777954296018      -0.14929491860674721     
   464.00000000000000      -0.15430038453292577      -0.15508424905845072      -0.14285359504818171      -0.16731490306871974     
   489.00000000000000      -0.16893716303549078      -0.17036058680479371      -0.15505586700672985      -0.18566530660285757     
   514.00000000000000      -0.18339550668062385      -0.18555004749519691      -0.16687178586671012      -0.20422830912368370     
   539.00000000000000      -0.19745286299319770      -0.20060137257306615      -0.17813535180429943      -0.22306739334183287     
   564.00000000000000      -0.21124655651515212      -0.21546285362411216      -0.18893307102836862      -0.24199263621985570     
   589.00000000000000      -0.22477291713835038      -0.23008279430421066      -0.19925977690932736      -0.26090581169909394     
   614.00000000000000      -0.23793486645378714      -0.24440992531297440      -0.20901784957533623      -0.27980200105061254     
   639.00000000000000      -0.25075197402887078      -0.25839375265658621      -0.21818818161569559      -0.29859932369747683     
   664.00000000000000      -0.26321770757321472      -0.27198481402636504      -0.22676041523847290      -0.31720921281425718     
   689.00000000000000      -0.27532956278649612      -0.28513481094843207      -0.23470296184155659      -0.33556666005530755     
   714.00000000000000      -0.28708525222112918      -0.29779657375803870      -0.24198805823274566      -0.35360508928333173     
   739.00000000000000      -0.29847867055434396      -0.30992379961671435      -0.24858997399731730      -0.37125762523611139     
   764.00000000000000      -0.30950073769425629      -0.32147047577183169      -0.25448205155924014      -0.38845889998442323     
   789.00000000000000      -0.32012666116540667      -0.33238985188961451      -0.25963636994327211      -0.40514333383595691     
   814.00000000000000      -0.33030815455196127      -0.34263273873791400      -0.26402214646676242      -0.42124333100906558     
   839.00000000000000      -0.33990115319803760      -0.35214474909424492      -0.26758413677880177      -0.43670536140968808     
   864.00000000000000      -0.34864418701232947      -0.36099865781336649      -0.27050137710327415      -0.45149593852345882     
   889.00000000000000      -0.35642160435477033      -0.36974209884115805      -0.27331609680975788      -0.46616810087255822     
   914.00000000000000      -0.36331139468103546      -0.37832321981816264      -0.27599392315617027      -0.48065251648015500     
   939.00000000000000      -0.36931688612730279      -0.38519605214440938      -0.27701521196474216      -0.49337689232407661     
   964.00000000000000      -0.37608858189310446      -0.39052879948024699      -0.27654062093353765      -0.50451697802695628     
   989.00000000000000      -0.38355226552858707      -0.39481142059227603      -0.27504643468154499      -0.51457640650300707     
   1014.0000000000000      -0.39162834656015022      -0.39818862051732973      -0.27266964481797662      -0.52370759621668284     
   1039.0000000000000      -0.40022994115199945      -0.40073661704965646      -0.26947641468349470      -0.53199681941581822     
   1064.0000000000000      -0.40927252838863459      -0.40250721727493355      -0.26550349608637047      -0.53951093846349663     
   1089.0000000000000      -0.41867856413907095      -0.40354292881898629      -0.26078304399427560      -0.54630281364369693     
   1114.0000000000000      -0.42836295185139467      -0.40388293801393987      -0.25533475729702815      -0.55243111873085160     
