   289.00000000000000       0.24548920138397590       0.24523380488398536       0.24629846448342668       0.24416914528454403     
   314.00000000000000       0.29956727231664837       0.29865167433105266       0.30262108424850009       0.29468226441360523     
   339.00000000000000       0.35672515897986257       0.35511722573156046       0.36227627380366395       0.34795817765945697     
   364.00000000000000       0.41465051950672654       0.41236620839637028       0.42297868969468966       0.40175372709805091     
   389.00000000000000       0.47025026689714794       0.46736054483303996       0.48173300117439782       0.45298808849168209     
   414.00000000000000       0.51993372039624874       0.51653835766209444       0.53494935400180232       0.49812736132238650     
   439.00000000000000       0.56007898667091971       0.55629988945222464       0.57905050309183503       0.53354927581261424     
   464.00000000000000       0.58774080374451254       0.58363543811750818       0.61097517271874835       0.55629570351626800     
   489.00000000000000       0.60084557103698077       0.59669666157534251       0.62898689576861000       0.56440642738207503     
   514.00000000000000       0.59919514085666936       0.59509774565265006       0.63262679335409855       0.55756869795120156     
   539.00000000000000       0.58375360470156612       0.57984147092696436       0.62285922166724750       0.53682372018668123     
   564.00000000000000       0.55663784855584453       0.55293219919800551       0.60162365418373009       0.50424074421228093     
   589.00000000000000       0.51975025779710404       0.51685200680912535       0.57175817370903426       0.46194583990921645     
   614.00000000000000       0.47617538250918101       0.47408009782045663       0.53546019544319490       0.41270000019771835     
   639.00000000000000       0.42787496528158625       0.42675976291548290       0.49472142746776632       0.35879809836319948     
   664.00000000000000       0.37642323964103125       0.37652924732655485       0.45147099800407364       0.30158749664903606     
   689.00000000000000       0.32290767181070157       0.32447759533367809       0.40670501565813211       0.24225017500922405     
   714.00000000000000       0.26787291219317938       0.27116972666740219       0.36097330198049954       0.18136615135430484     
   739.00000000000000       0.21140109861863676       0.21669140333537687       0.31437051505540420       0.11901229161534953     
   764.00000000000000       0.15308114495959205       0.16067751499098579       0.26653687773406526        5.4818152247906329E-002
   789.00000000000000        9.2090870014331860E-002  0.10229575498198244       0.21663404461090174       -1.2042534646936845E-002
   814.00000000000000        2.7012198694326361E-002   4.0157410672628693E-002  0.16327908741700825       -8.2964266071750850E-002
   839.00000000000000       -4.4331944090705427E-002  -2.7884080848341816E-002  0.10438149313458889      -0.16014965483127253     
   864.00000000000000      -0.12521368096452776      -0.10510176118690294        3.6502610100029823E-002 -0.24670613247383572     
   889.00000000000000      -0.22056330060732637      -0.19643858213837698       -4.5133732306385704E-002 -0.34774343197036828     
   914.00000000000000      -0.33712877549479725      -0.30858066663385525      -0.14726039692301657      -0.46990093634469393     
   939.00000000000000      -0.47632108667519663      -0.44297419762817136      -0.27132708744703565      -0.61462130780930702     
   964.00000000000000      -0.55408122124921633      -0.51557388559543016      -0.33328179587059803      -0.69786597532026229     
   989.00000000000000       0.23590519747154787       0.27993029063366870       0.47321666065012369        8.6643920617213738E-002
   1014.0000000000000        7.5812492841999313E-002  0.12567113406324570       0.33020322266582525       -7.8860954539333838E-002
   1039.0000000000000        8.6210796381431365E-002  0.14222096800706746       0.35836952139004763       -7.3927585375912680E-002
   1064.0000000000000       0.10623740225164829       0.16864285256559250       0.39675346469005324       -5.9467759558868211E-002
   1089.0000000000000       0.11933829540810026       0.18832661939936299       0.42866432775796909       -5.2011088959243112E-002
   1114.0000000000000       0.12000742187843150       0.19569481147882825       0.44862882453968722       -5.7239201582030746E-002
